2021-02-14 21:02:58 下午 [Thread: main][ Class:com.mySpring.myServlet.MyDispatchServlet >> Method: com.mySpring.myServlet.MyDispatchServlet.doLoadConfig(MyDispatchServlet.java:60) ]
INFO:load properties file success
2021-02-14 21:02:58 下午 [Thread: main][ Class:com.mySpring.myServlet.MyDispatchServlet >> Method: com.mySpring.myServlet.MyDispatchServlet.doLoadConfig(MyDispatchServlet.java:61) ]
INFO:properties file details：{scan-package=com.myDemo}
2021-02-14 21:02:58 下午 [Thread: main][ Class:com.mySpring.myServlet.MyDispatchServlet >> Method: com.mySpring.myServlet.MyDispatchServlet.doScanner(MyDispatchServlet.java:92) ]
INFO:beanListName add:com.myDemo.Student
2021-02-14 21:02:58 下午 [Thread: main][ Class:com.mySpring.myServlet.MyDispatchServlet >> Method: com.mySpring.myServlet.MyDispatchServlet.doInstance(MyDispatchServlet.java:119) ]
INFO:put com.myDemo.Student into container
2021-02-14 22:36:28 下午 [Thread: main][ Class:com.mySpring.myServlet.MyDispatchServlet >> Method: com.mySpring.myServlet.MyDispatchServlet.doLoadConfig(MyDispatchServlet.java:60) ]
INFO:load properties file success
2021-02-14 22:36:28 下午 [Thread: main][ Class:com.mySpring.myServlet.MyDispatchServlet >> Method: com.mySpring.myServlet.MyDispatchServlet.doLoadConfig(MyDispatchServlet.java:61) ]
INFO:properties file details：{scan-package=com.myDemo}
2021-02-14 22:36:28 下午 [Thread: main][ Class:com.mySpring.myServlet.MyDispatchServlet >> Method: com.mySpring.myServlet.MyDispatchServlet.doScanner(MyDispatchServlet.java:92) ]
INFO:beanListName add:com.myDemo.School
2021-02-14 22:36:28 下午 [Thread: main][ Class:com.mySpring.myServlet.MyDispatchServlet >> Method: com.mySpring.myServlet.MyDispatchServlet.doScanner(MyDispatchServlet.java:92) ]
INFO:beanListName add:com.myDemo.Student
2021-02-14 22:36:28 下午 [Thread: main][ Class:com.mySpring.myServlet.MyDispatchServlet >> Method: com.mySpring.myServlet.MyDispatchServlet.doInstance(MyDispatchServlet.java:119) ]
INFO:put com.myDemo.School into container
2021-02-14 22:36:28 下午 [Thread: main][ Class:com.mySpring.myServlet.MyDispatchServlet >> Method: com.mySpring.myServlet.MyDispatchServlet.doInstance(MyDispatchServlet.java:119) ]
INFO:put com.myDemo.Student into container
2021-02-14 22:36:28 下午 [Thread: main][ Class:com.mySpring.myServlet.MyDispatchServlet >> Method: com.mySpring.myServlet.MyDispatchServlet.doAutowired(MyDispatchServlet.java:140) ]
INFO:School{student=null}  null
2021-02-14 22:39:38 下午 [Thread: main][ Class:com.mySpring.myServlet.MyDispatchServlet >> Method: com.mySpring.myServlet.MyDispatchServlet.doLoadConfig(MyDispatchServlet.java:60) ]
INFO:load properties file success
2021-02-14 22:39:38 下午 [Thread: main][ Class:com.mySpring.myServlet.MyDispatchServlet >> Method: com.mySpring.myServlet.MyDispatchServlet.doLoadConfig(MyDispatchServlet.java:61) ]
INFO:properties file details：{scan-package=com.myDemo}
2021-02-14 22:39:38 下午 [Thread: main][ Class:com.mySpring.myServlet.MyDispatchServlet >> Method: com.mySpring.myServlet.MyDispatchServlet.doScanner(MyDispatchServlet.java:92) ]
INFO:beanListName add:com.myDemo.School
2021-02-14 22:39:38 下午 [Thread: main][ Class:com.mySpring.myServlet.MyDispatchServlet >> Method: com.mySpring.myServlet.MyDispatchServlet.doScanner(MyDispatchServlet.java:92) ]
INFO:beanListName add:com.myDemo.Student
2021-02-14 22:39:38 下午 [Thread: main][ Class:com.mySpring.myServlet.MyDispatchServlet >> Method: com.mySpring.myServlet.MyDispatchServlet.doInstance(MyDispatchServlet.java:119) ]
INFO:put com.myDemo.School into container
2021-02-14 22:39:38 下午 [Thread: main][ Class:com.mySpring.myServlet.MyDispatchServlet >> Method: com.mySpring.myServlet.MyDispatchServlet.doInstance(MyDispatchServlet.java:119) ]
INFO:put com.myDemo.Student into container
2021-02-14 22:39:38 下午 [Thread: main][ Class:com.mySpring.myServlet.MyDispatchServlet >> Method: com.mySpring.myServlet.MyDispatchServlet.doAutowired(MyDispatchServlet.java:140) ]
INFO:School{student=null}  student
2021-02-14 22:41:55 下午 [Thread: main][ Class:com.mySpring.myServlet.MyDispatchServlet >> Method: com.mySpring.myServlet.MyDispatchServlet.doLoadConfig(MyDispatchServlet.java:60) ]
INFO:load properties file success
2021-02-14 22:41:55 下午 [Thread: main][ Class:com.mySpring.myServlet.MyDispatchServlet >> Method: com.mySpring.myServlet.MyDispatchServlet.doLoadConfig(MyDispatchServlet.java:61) ]
INFO:properties file details：{scan-package=com.myDemo}
2021-02-14 22:41:55 下午 [Thread: main][ Class:com.mySpring.myServlet.MyDispatchServlet >> Method: com.mySpring.myServlet.MyDispatchServlet.doScanner(MyDispatchServlet.java:92) ]
INFO:beanListName add:com.myDemo.School
2021-02-14 22:41:55 下午 [Thread: main][ Class:com.mySpring.myServlet.MyDispatchServlet >> Method: com.mySpring.myServlet.MyDispatchServlet.doScanner(MyDispatchServlet.java:92) ]
INFO:beanListName add:com.myDemo.Student
2021-02-14 22:41:55 下午 [Thread: main][ Class:com.mySpring.myServlet.MyDispatchServlet >> Method: com.mySpring.myServlet.MyDispatchServlet.doInstance(MyDispatchServlet.java:119) ]
INFO:put com.myDemo.School into container
2021-02-14 22:41:55 下午 [Thread: main][ Class:com.mySpring.myServlet.MyDispatchServlet >> Method: com.mySpring.myServlet.MyDispatchServlet.doInstance(MyDispatchServlet.java:119) ]
INFO:put com.myDemo.Student into container
2021-02-14 22:52:35 下午 [Thread: main][ Class:com.mySpring.myServlet.MyDispatchServlet >> Method: com.mySpring.myServlet.MyDispatchServlet.doAutowired(MyDispatchServlet.java:140) ]
INFO:School{student=null}  student
2021-02-14 22:52:48 下午 [Thread: main][ Class:com.mySpring.myServlet.MyDispatchServlet >> Method: com.mySpring.myServlet.MyDispatchServlet.doLoadConfig(MyDispatchServlet.java:60) ]
INFO:load properties file success
2021-02-14 22:52:48 下午 [Thread: main][ Class:com.mySpring.myServlet.MyDispatchServlet >> Method: com.mySpring.myServlet.MyDispatchServlet.doLoadConfig(MyDispatchServlet.java:61) ]
INFO:properties file details：{scan-package=com.myDemo}
2021-02-14 22:52:48 下午 [Thread: main][ Class:com.mySpring.myServlet.MyDispatchServlet >> Method: com.mySpring.myServlet.MyDispatchServlet.doScanner(MyDispatchServlet.java:92) ]
INFO:beanListName add:com.myDemo.School
2021-02-14 22:52:48 下午 [Thread: main][ Class:com.mySpring.myServlet.MyDispatchServlet >> Method: com.mySpring.myServlet.MyDispatchServlet.doScanner(MyDispatchServlet.java:92) ]
INFO:beanListName add:com.myDemo.Student
2021-02-14 22:52:48 下午 [Thread: main][ Class:com.mySpring.myServlet.MyDispatchServlet >> Method: com.mySpring.myServlet.MyDispatchServlet.doInstance(MyDispatchServlet.java:119) ]
INFO:put com.myDemo.School into container
2021-02-14 22:59:24 下午 [Thread: main][ Class:com.mySpring.myServlet.MyDispatchServlet >> Method: com.mySpring.myServlet.MyDispatchServlet.doLoadConfig(MyDispatchServlet.java:60) ]
INFO:load properties file success
2021-02-14 22:59:24 下午 [Thread: main][ Class:com.mySpring.myServlet.MyDispatchServlet >> Method: com.mySpring.myServlet.MyDispatchServlet.doLoadConfig(MyDispatchServlet.java:61) ]
INFO:properties file details：{scan-package=com.myDemo}
2021-02-14 22:59:24 下午 [Thread: main][ Class:com.mySpring.myServlet.MyDispatchServlet >> Method: com.mySpring.myServlet.MyDispatchServlet.doScanner(MyDispatchServlet.java:92) ]
INFO:beanListName add:School
2021-02-14 22:59:24 下午 [Thread: main][ Class:com.mySpring.myServlet.MyDispatchServlet >> Method: com.mySpring.myServlet.MyDispatchServlet.doScanner(MyDispatchServlet.java:92) ]
INFO:beanListName add:Student
2021-02-14 23:04:06 下午 [Thread: main][ Class:com.mySpring.myServlet.MyDispatchServlet >> Method: com.mySpring.myServlet.MyDispatchServlet.doLoadConfig(MyDispatchServlet.java:60) ]
INFO:load properties file success
2021-02-14 23:04:06 下午 [Thread: main][ Class:com.mySpring.myServlet.MyDispatchServlet >> Method: com.mySpring.myServlet.MyDispatchServlet.doLoadConfig(MyDispatchServlet.java:61) ]
INFO:properties file details：{scan-package=com.myDemo}
2021-02-14 23:04:06 下午 [Thread: main][ Class:com.mySpring.myServlet.MyDispatchServlet >> Method: com.mySpring.myServlet.MyDispatchServlet.doScanner(MyDispatchServlet.java:92) ]
INFO:beanListName add:com.myDemo.School
2021-02-14 23:04:06 下午 [Thread: main][ Class:com.mySpring.myServlet.MyDispatchServlet >> Method: com.mySpring.myServlet.MyDispatchServlet.doScanner(MyDispatchServlet.java:92) ]
INFO:beanListName add:com.myDemo.Student
2021-02-14 23:04:06 下午 [Thread: main][ Class:com.mySpring.myServlet.MyDispatchServlet >> Method: com.mySpring.myServlet.MyDispatchServlet.doInstance(MyDispatchServlet.java:119) ]
INFO:put com.myDemo.School into container
2021-02-14 23:04:06 下午 [Thread: main][ Class:com.mySpring.myServlet.MyDispatchServlet >> Method: com.mySpring.myServlet.MyDispatchServlet.doInstance(MyDispatchServlet.java:119) ]
INFO:put com.myDemo.Student into container
2021-02-14 23:04:06 下午 [Thread: main][ Class:com.mySpring.myServlet.MyDispatchServlet >> Method: com.mySpring.myServlet.MyDispatchServlet.doAutowired(MyDispatchServlet.java:140) ]
INFO:School{student=null}  student
2021-02-14 23:05:21 下午 [Thread: main][ Class:com.mySpring.myServlet.MyDispatchServlet >> Method: com.mySpring.myServlet.MyDispatchServlet.doLoadConfig(MyDispatchServlet.java:60) ]
INFO:load properties file success
2021-02-14 23:05:21 下午 [Thread: main][ Class:com.mySpring.myServlet.MyDispatchServlet >> Method: com.mySpring.myServlet.MyDispatchServlet.doLoadConfig(MyDispatchServlet.java:61) ]
INFO:properties file details：{scan-package=com.myDemo}
2021-02-14 23:05:21 下午 [Thread: main][ Class:com.mySpring.myServlet.MyDispatchServlet >> Method: com.mySpring.myServlet.MyDispatchServlet.doScanner(MyDispatchServlet.java:92) ]
INFO:beanListName add:com.myDemo.School
2021-02-14 23:05:21 下午 [Thread: main][ Class:com.mySpring.myServlet.MyDispatchServlet >> Method: com.mySpring.myServlet.MyDispatchServlet.doScanner(MyDispatchServlet.java:92) ]
INFO:beanListName add:com.myDemo.Student
2021-02-14 23:05:21 下午 [Thread: main][ Class:com.mySpring.myServlet.MyDispatchServlet >> Method: com.mySpring.myServlet.MyDispatchServlet.doInstance(MyDispatchServlet.java:119) ]
INFO:put com.myDemo.School into container
2021-02-14 23:07:24 下午 [Thread: main][ Class:com.mySpring.myServlet.MyDispatchServlet >> Method: com.mySpring.myServlet.MyDispatchServlet.doLoadConfig(MyDispatchServlet.java:60) ]
INFO:load properties file success
2021-02-14 23:07:24 下午 [Thread: main][ Class:com.mySpring.myServlet.MyDispatchServlet >> Method: com.mySpring.myServlet.MyDispatchServlet.doLoadConfig(MyDispatchServlet.java:61) ]
INFO:properties file details：{scan-package=com.myDemo}
2021-02-14 23:07:24 下午 [Thread: main][ Class:com.mySpring.myServlet.MyDispatchServlet >> Method: com.mySpring.myServlet.MyDispatchServlet.doScanner(MyDispatchServlet.java:92) ]
INFO:beanListName add:com.myDemo.School
2021-02-14 23:07:24 下午 [Thread: main][ Class:com.mySpring.myServlet.MyDispatchServlet >> Method: com.mySpring.myServlet.MyDispatchServlet.doScanner(MyDispatchServlet.java:92) ]
INFO:beanListName add:com.myDemo.Student
2021-02-14 23:07:24 下午 [Thread: main][ Class:com.mySpring.myServlet.MyDispatchServlet >> Method: com.mySpring.myServlet.MyDispatchServlet.doInstance(MyDispatchServlet.java:119) ]
INFO:put com.myDemo.School into container
2021-02-14 23:08:17 下午 [Thread: main][ Class:com.mySpring.myServlet.MyDispatchServlet >> Method: com.mySpring.myServlet.MyDispatchServlet.doLoadConfig(MyDispatchServlet.java:60) ]
INFO:load properties file success
2021-02-14 23:08:17 下午 [Thread: main][ Class:com.mySpring.myServlet.MyDispatchServlet >> Method: com.mySpring.myServlet.MyDispatchServlet.doLoadConfig(MyDispatchServlet.java:61) ]
INFO:properties file details：{scan-package=com.myDemo}
2021-02-14 23:08:17 下午 [Thread: main][ Class:com.mySpring.myServlet.MyDispatchServlet >> Method: com.mySpring.myServlet.MyDispatchServlet.doScanner(MyDispatchServlet.java:92) ]
INFO:beanListName add:com.myDemo.School
2021-02-14 23:08:17 下午 [Thread: main][ Class:com.mySpring.myServlet.MyDispatchServlet >> Method: com.mySpring.myServlet.MyDispatchServlet.doScanner(MyDispatchServlet.java:92) ]
INFO:beanListName add:com.myDemo.Student
2021-02-14 23:08:17 下午 [Thread: main][ Class:com.mySpring.myServlet.MyDispatchServlet >> Method: com.mySpring.myServlet.MyDispatchServlet.doInstance(MyDispatchServlet.java:119) ]
INFO:put com.myDemo.School into container
2021-02-14 23:08:25 下午 [Thread: main][ Class:com.mySpring.myServlet.MyDispatchServlet >> Method: com.mySpring.myServlet.MyDispatchServlet.doLoadConfig(MyDispatchServlet.java:60) ]
INFO:load properties file success
2021-02-14 23:08:25 下午 [Thread: main][ Class:com.mySpring.myServlet.MyDispatchServlet >> Method: com.mySpring.myServlet.MyDispatchServlet.doLoadConfig(MyDispatchServlet.java:61) ]
INFO:properties file details：{scan-package=com.myDemo}
2021-02-14 23:08:25 下午 [Thread: main][ Class:com.mySpring.myServlet.MyDispatchServlet >> Method: com.mySpring.myServlet.MyDispatchServlet.doScanner(MyDispatchServlet.java:92) ]
INFO:beanListName add:com.myDemo.School
2021-02-14 23:08:25 下午 [Thread: main][ Class:com.mySpring.myServlet.MyDispatchServlet >> Method: com.mySpring.myServlet.MyDispatchServlet.doScanner(MyDispatchServlet.java:92) ]
INFO:beanListName add:com.myDemo.Student
2021-02-14 23:08:25 下午 [Thread: main][ Class:com.mySpring.myServlet.MyDispatchServlet >> Method: com.mySpring.myServlet.MyDispatchServlet.doInstance(MyDispatchServlet.java:119) ]
INFO:put com.myDemo.School into container
2021-02-14 23:09:21 下午 [Thread: main][ Class:com.mySpring.myServlet.MyDispatchServlet >> Method: com.mySpring.myServlet.MyDispatchServlet.doLoadConfig(MyDispatchServlet.java:60) ]
INFO:load properties file success
2021-02-14 23:09:21 下午 [Thread: main][ Class:com.mySpring.myServlet.MyDispatchServlet >> Method: com.mySpring.myServlet.MyDispatchServlet.doLoadConfig(MyDispatchServlet.java:61) ]
INFO:properties file details：{scan-package=com.myDemo}
2021-02-14 23:09:21 下午 [Thread: main][ Class:com.mySpring.myServlet.MyDispatchServlet >> Method: com.mySpring.myServlet.MyDispatchServlet.doScanner(MyDispatchServlet.java:92) ]
INFO:beanListName add:com.myDemo.School
2021-02-14 23:09:21 下午 [Thread: main][ Class:com.mySpring.myServlet.MyDispatchServlet >> Method: com.mySpring.myServlet.MyDispatchServlet.doScanner(MyDispatchServlet.java:92) ]
INFO:beanListName add:com.myDemo.Student
2021-02-14 23:09:21 下午 [Thread: main][ Class:com.mySpring.myServlet.MyDispatchServlet >> Method: com.mySpring.myServlet.MyDispatchServlet.doInstance(MyDispatchServlet.java:119) ]
INFO:put com.myDemo.School into container
2021-02-14 23:13:43 下午 [Thread: main][ Class:com.mySpring.myServlet.MyDispatchServlet >> Method: com.mySpring.myServlet.MyDispatchServlet.doLoadConfig(MyDispatchServlet.java:60) ]
INFO:load properties file success
2021-02-14 23:13:43 下午 [Thread: main][ Class:com.mySpring.myServlet.MyDispatchServlet >> Method: com.mySpring.myServlet.MyDispatchServlet.doLoadConfig(MyDispatchServlet.java:61) ]
INFO:properties file details：{scan-package=com.myDemo}
2021-02-14 23:13:43 下午 [Thread: main][ Class:com.mySpring.myServlet.MyDispatchServlet >> Method: com.mySpring.myServlet.MyDispatchServlet.doScanner(MyDispatchServlet.java:92) ]
INFO:beanListName add:com.myDemo.School
2021-02-14 23:13:43 下午 [Thread: main][ Class:com.mySpring.myServlet.MyDispatchServlet >> Method: com.mySpring.myServlet.MyDispatchServlet.doScanner(MyDispatchServlet.java:92) ]
INFO:beanListName add:com.myDemo.Student
2021-02-14 23:13:43 下午 [Thread: main][ Class:com.mySpring.myServlet.MyDispatchServlet >> Method: com.mySpring.myServlet.MyDispatchServlet.doInstance(MyDispatchServlet.java:119) ]
INFO:put com.myDemo.School into container
2021-02-14 23:13:43 下午 [Thread: main][ Class:com.mySpring.myServlet.MyDispatchServlet >> Method: com.mySpring.myServlet.MyDispatchServlet.doInstance(MyDispatchServlet.java:119) ]
INFO:put com.myDemo.Student into container
2021-02-14 23:13:43 下午 [Thread: main][ Class:com.mySpring.myServlet.MyDispatchServlet >> Method: com.mySpring.myServlet.MyDispatchServlet.doAutowired(MyDispatchServlet.java:144) ]
INFO:School{student=null}  student
2021-02-14 23:14:36 下午 [Thread: main][ Class:com.mySpring.myServlet.MyDispatchServlet >> Method: com.mySpring.myServlet.MyDispatchServlet.doLoadConfig(MyDispatchServlet.java:60) ]
INFO:load properties file success
2021-02-14 23:14:36 下午 [Thread: main][ Class:com.mySpring.myServlet.MyDispatchServlet >> Method: com.mySpring.myServlet.MyDispatchServlet.doLoadConfig(MyDispatchServlet.java:61) ]
INFO:properties file details：{scan-package=com.myDemo}
2021-02-14 23:14:36 下午 [Thread: main][ Class:com.mySpring.myServlet.MyDispatchServlet >> Method: com.mySpring.myServlet.MyDispatchServlet.doScanner(MyDispatchServlet.java:92) ]
INFO:beanListName add:com.myDemo.School
2021-02-14 23:14:36 下午 [Thread: main][ Class:com.mySpring.myServlet.MyDispatchServlet >> Method: com.mySpring.myServlet.MyDispatchServlet.doScanner(MyDispatchServlet.java:92) ]
INFO:beanListName add:com.myDemo.Student
2021-02-14 23:14:37 下午 [Thread: main][ Class:com.mySpring.myServlet.MyDispatchServlet >> Method: com.mySpring.myServlet.MyDispatchServlet.doInstance(MyDispatchServlet.java:119) ]
INFO:put com.myDemo.School into container
2021-02-14 23:14:37 下午 [Thread: main][ Class:com.mySpring.myServlet.MyDispatchServlet >> Method: com.mySpring.myServlet.MyDispatchServlet.doInstance(MyDispatchServlet.java:119) ]
INFO:put com.myDemo.Student into container
2021-02-14 23:14:37 下午 [Thread: main][ Class:com.mySpring.myServlet.MyDispatchServlet >> Method: com.mySpring.myServlet.MyDispatchServlet.doAutowired(MyDispatchServlet.java:144) ]
INFO:School{student=null}  student
2021-02-14 23:15:03 下午 [Thread: main][ Class:com.mySpring.myServlet.MyDispatchServlet >> Method: com.mySpring.myServlet.MyDispatchServlet.doLoadConfig(MyDispatchServlet.java:60) ]
INFO:load properties file success
2021-02-14 23:15:03 下午 [Thread: main][ Class:com.mySpring.myServlet.MyDispatchServlet >> Method: com.mySpring.myServlet.MyDispatchServlet.doLoadConfig(MyDispatchServlet.java:61) ]
INFO:properties file details：{scan-package=com.myDemo}
2021-02-14 23:15:03 下午 [Thread: main][ Class:com.mySpring.myServlet.MyDispatchServlet >> Method: com.mySpring.myServlet.MyDispatchServlet.doScanner(MyDispatchServlet.java:92) ]
INFO:beanListName add:com.myDemo.School
2021-02-14 23:15:03 下午 [Thread: main][ Class:com.mySpring.myServlet.MyDispatchServlet >> Method: com.mySpring.myServlet.MyDispatchServlet.doScanner(MyDispatchServlet.java:92) ]
INFO:beanListName add:com.myDemo.Student
2021-02-14 23:15:03 下午 [Thread: main][ Class:com.mySpring.myServlet.MyDispatchServlet >> Method: com.mySpring.myServlet.MyDispatchServlet.doInstance(MyDispatchServlet.java:119) ]
INFO:put com.myDemo.School into container
2021-02-14 23:15:03 下午 [Thread: main][ Class:com.mySpring.myServlet.MyDispatchServlet >> Method: com.mySpring.myServlet.MyDispatchServlet.doInstance(MyDispatchServlet.java:119) ]
INFO:put com.myDemo.Student into container
2021-02-14 23:15:03 下午 [Thread: main][ Class:com.mySpring.myServlet.MyDispatchServlet >> Method: com.mySpring.myServlet.MyDispatchServlet.doAutowired(MyDispatchServlet.java:144) ]
INFO:School{student=null}  null
2021-02-14 23:15:57 下午 [Thread: main][ Class:com.mySpring.myServlet.MyDispatchServlet >> Method: com.mySpring.myServlet.MyDispatchServlet.doLoadConfig(MyDispatchServlet.java:60) ]
INFO:load properties file success
2021-02-14 23:15:57 下午 [Thread: main][ Class:com.mySpring.myServlet.MyDispatchServlet >> Method: com.mySpring.myServlet.MyDispatchServlet.doLoadConfig(MyDispatchServlet.java:61) ]
INFO:properties file details：{scan-package=com.myDemo}
2021-02-14 23:15:57 下午 [Thread: main][ Class:com.mySpring.myServlet.MyDispatchServlet >> Method: com.mySpring.myServlet.MyDispatchServlet.doScanner(MyDispatchServlet.java:92) ]
INFO:beanListName add:com.myDemo.School
2021-02-14 23:15:57 下午 [Thread: main][ Class:com.mySpring.myServlet.MyDispatchServlet >> Method: com.mySpring.myServlet.MyDispatchServlet.doScanner(MyDispatchServlet.java:92) ]
INFO:beanListName add:com.myDemo.Student
2021-02-14 23:15:57 下午 [Thread: main][ Class:com.mySpring.myServlet.MyDispatchServlet >> Method: com.mySpring.myServlet.MyDispatchServlet.doInstance(MyDispatchServlet.java:119) ]
INFO:put com.myDemo.School into container
2021-02-14 23:15:57 下午 [Thread: main][ Class:com.mySpring.myServlet.MyDispatchServlet >> Method: com.mySpring.myServlet.MyDispatchServlet.doInstance(MyDispatchServlet.java:119) ]
INFO:put com.myDemo.Student into container
2021-02-14 23:23:18 下午 [Thread: main][ Class:com.mySpring.myServlet.MyDispatchServlet >> Method: com.mySpring.myServlet.MyDispatchServlet.doAutowired(MyDispatchServlet.java:144) ]
INFO:School{student=null}  null
2021-02-14 23:23:21 下午 [Thread: main][ Class:com.mySpring.myServlet.MyDispatchServlet >> Method: com.mySpring.myServlet.MyDispatchServlet.doLoadConfig(MyDispatchServlet.java:68) ]
INFO:load properties file success
2021-02-14 23:23:21 下午 [Thread: main][ Class:com.mySpring.myServlet.MyDispatchServlet >> Method: com.mySpring.myServlet.MyDispatchServlet.doLoadConfig(MyDispatchServlet.java:69) ]
INFO:properties file details：{scan-package=com.myDemo}
2021-02-14 23:23:21 下午 [Thread: main][ Class:com.mySpring.myServlet.MyDispatchServlet >> Method: com.mySpring.myServlet.MyDispatchServlet.doScanner(MyDispatchServlet.java:100) ]
INFO:beanListName add:com.myDemo.School
2021-02-14 23:23:21 下午 [Thread: main][ Class:com.mySpring.myServlet.MyDispatchServlet >> Method: com.mySpring.myServlet.MyDispatchServlet.doScanner(MyDispatchServlet.java:100) ]
INFO:beanListName add:com.myDemo.Student
2021-02-14 23:23:21 下午 [Thread: main][ Class:com.mySpring.myServlet.MyDispatchServlet >> Method: com.mySpring.myServlet.MyDispatchServlet.doInstance(MyDispatchServlet.java:127) ]
INFO:put com.myDemo.School into container
2021-02-14 23:23:21 下午 [Thread: main][ Class:com.mySpring.myServlet.MyDispatchServlet >> Method: com.mySpring.myServlet.MyDispatchServlet.doInstance(MyDispatchServlet.java:127) ]
INFO:put com.myDemo.Student into container
2021-02-14 23:23:21 下午 [Thread: main][ Class:com.mySpring.myServlet.MyDispatchServlet >> Method: com.mySpring.myServlet.MyDispatchServlet.doAutowired(MyDispatchServlet.java:152) ]
INFO:School{student=com.myDemo.Student@1fc2b765}  com.myDemo.Student@1fc2b765
2021-02-14 23:23:37 下午 [Thread: main][ Class:com.mySpring.myServlet.MyDispatchServlet >> Method: com.mySpring.myServlet.MyDispatchServlet.doLoadConfig(MyDispatchServlet.java:68) ]
INFO:load properties file success
2021-02-14 23:23:37 下午 [Thread: main][ Class:com.mySpring.myServlet.MyDispatchServlet >> Method: com.mySpring.myServlet.MyDispatchServlet.doLoadConfig(MyDispatchServlet.java:69) ]
INFO:properties file details：{scan-package=com.myDemo}
2021-02-14 23:23:37 下午 [Thread: main][ Class:com.mySpring.myServlet.MyDispatchServlet >> Method: com.mySpring.myServlet.MyDispatchServlet.doScanner(MyDispatchServlet.java:100) ]
INFO:beanListName add:com.myDemo.School
2021-02-14 23:23:37 下午 [Thread: main][ Class:com.mySpring.myServlet.MyDispatchServlet >> Method: com.mySpring.myServlet.MyDispatchServlet.doScanner(MyDispatchServlet.java:100) ]
INFO:beanListName add:com.myDemo.Student
2021-02-14 23:23:37 下午 [Thread: main][ Class:com.mySpring.myServlet.MyDispatchServlet >> Method: com.mySpring.myServlet.MyDispatchServlet.doInstance(MyDispatchServlet.java:127) ]
INFO:put com.myDemo.School into container
2021-02-14 23:23:37 下午 [Thread: main][ Class:com.mySpring.myServlet.MyDispatchServlet >> Method: com.mySpring.myServlet.MyDispatchServlet.doInstance(MyDispatchServlet.java:127) ]
INFO:put com.myDemo.Student into container
2021-02-14 23:23:37 下午 [Thread: main][ Class:com.mySpring.myServlet.MyDispatchServlet >> Method: com.mySpring.myServlet.MyDispatchServlet.doAutowired(MyDispatchServlet.java:152) ]
INFO:School{student=com.myDemo.Student@3891771e}  com.myDemo.Student@3891771e
